Arguments: 
  /usr/local/bin/node /usr/local/Cellar/yarn/1.16.0/libexec/bin/yarn.js add redux react-redux redux-api-middleware redux-thunk

PATH: 
  /usr/local/bin:/usr/bin:/bin:/usr/sbin:/sbin:/usr/local/share/dotnet:~/.dotnet/tools:/Library/Frameworks/Mono.framework/Versions/Current/Commands

Yarn version: 
  1.16.0

Node version: 
  12.4.0

Platform: 
  darwin x64

Trace: 
  Error: connect ECONNREFUSED 23.217.138.110:443
      at TCPConnectWrap.afterConnect [as oncomplete] (net.js:1054:14)

npm manifest: 
  {
    "main": "node_modules/expo/AppEntry.js",
    "scripts": {
      "android": "expo start --android",
      "debug": "open 'rndebugger://set-debugger-loc?host=localhost&port=19001'",
      "eject": "expo eject",
      "start": "expo start",
      "start:ios": "expo start --ios",
      "start:web": "expo start --web",
      "test": "jest --watchAll"
    },
    "jest": {
      "preset": "jest-expo"
    },
    "dependencies": {
      "@expo/samples": "~3.0.0",
      "@expo/vector-icons": "^10.0.1",
      "expo": "^33.0.0",
      "expo-asset": "^5.0.0",
      "expo-constants": "^5.0.0",
      "expo-font": "^5.0.0",
      "expo-web-browser": "^5.0.0",
      "react": "16.8.3",
      "react-dom": "^16.8.6",
      "react-native": "https://github.com/expo/react-native/archive/sdk-33.0.0.tar.gz",
      "react-native-web": "^0.11.4",
      "react-navigation": "^3.11.0"
    },
    "devDependencies": {
      "babel-preset-expo": "^5.1.0",
      "jest-expo": "^33.0.0"
    },
    "private": true
  }

yarn manifest: 
  No manifest

Lockfile: 
  No lockfile
